<?xml version="1.0" encoding="UTF-8"?>
<!-- Generated by org.testng.reporters.JUnitReportReporter -->
<testsuite hostname="DESKTOP-JB2UEEU" failures="0" tests="3" name="com.automation.tests.day7.TestNgDemo" time="0.004" errors="0" timestamp="2020-03-16T23:54:33 CDT" skipped="1">
  <testcase classname="com.automation.tests.day7.TestNgDemo" name="test3" time="0.003">
    <skipped/>
  </testcase> <!-- test3 -->
  <system-out/>
  <testcase classname="com.automation.tests.day7.TestNgDemo" name="test1" time="0.000"/>
  <system-out/>
  <testcase classname="com.automation.tests.day7.TestNgDemo" name="test2" time="0.001"/>
  <system-out/>
</testsuite> <!-- com.automation.tests.day7.TestNgDemo -->
